<?xml version="1.0" encoding="UTF-8"?>
<!-- Generated by org.testng.reporters.JUnitXMLReporter -->
<testsuite ignored="0" hostname="DESKTOP-HP3JTEO" failures="0" tests="6" name="Guru99 Tests" time="78.141" errors="0" timestamp="2026-06-15T08:51:04 IST">
  <testcase classname="testcases.LoginTest" name="verifyValidLogin" time="3.269"/>
  <testcase classname="testcases.CustomerTest" name="AddNewCustomer" time="13.947"/>
  <testcase classname="testcases.AccountTest" name="createNewAccount" time="7.284"/>
  <testcase classname="testcases.DepositTest" name="verifyDeposit" time="4.882"/>
  <testcase classname="testcases.FundTransferTest" name="verifyFundTransfer" time="6.636"/>
  <testcase classname="testcases.WithdrawalTest" name="verifyWithdrawal" time="6.264"/>
</testsuite> <!-- Guru99 Tests -->
